
---------------------------------------

Reading document : Start.
Reading document : End.

---------------------------------------

Verifying document : Start.
Verifying document : End.

---------------------------------------

Machine initialization : Start.
Machine initialization : End.

---------------------------------------


Generating NC code file : Start.

Information: ** activity Manufacturing Program.1 : INIT. ** 

Information: ** activity Tool Change.2 : INIT. ** 
Information: ** Machining and total time  : 0s , 0s . ** 
Information: ** activity Tool Change.2 : END . ** 

Information: ** activity Facing.2 : INIT. ** 
Information: ** Machining and total time  : 7mn 14s , 17mn 58s . ** 
Information: ** activity Facing.2 : END . ** 

Information: ** activity Tool Change.4 : INIT. ** 
Information: ** Machining and total time  : 0s , 0s . ** 
Information: ** activity Tool Change.4 : END . ** 

Information: ** activity Pocketing.1 : INIT. ** 
Information: ** Machining and total time  : 12mn 2s , 32mn 40s . ** 
Information: ** activity Pocketing.1 : END . ** 

Information: ** activity Tool Change.5 : INIT. ** 
Information: ** Machining and total time  : 0s , 0s . ** 
Information: ** activity Tool Change.5 : END . ** 

Information: ** activity Profile Contouring.2 : INIT. ** 
Information: ** Machining and total time  : 21mn 58s , 32mn 9s . ** 
Information: ** activity Profile Contouring.2 : END . ** 

Information: ** activity Pocketing.6 : INIT. ** 
Information: ** Machining and total time  : 59s , 31mn 14s . ** 
Information: ** activity Pocketing.6 : END . ** 

Information: ** activity Pocketing.7 : INIT. ** 
Information: ** Machining and total time  : 25s , 30mn 35s . ** 
Information: ** activity Pocketing.7 : END . ** 

Information: ** activity Tool Change.6 : INIT. ** 
Information: ** Machining and total time  : 0s , 0s . ** 
Information: ** activity Tool Change.6 : END . ** 

Information: ** activity Drilling.3 : INIT. ** 
Information: ** Machining and total time  : 1s , 7s . ** 
Information: ** activity Drilling.3 : END . ** 

Information: ** activity Tool Change.9 : INIT. ** 
Information: ** Machining and total time  : 0s , 0s . ** 
Information: ** activity Tool Change.9 : END . ** 

Information: ** activity Drilling.2 : INIT. ** 
Information: ** Machining and total time  : 17s , 19s . ** 
Information: ** activity Drilling.2 : END . ** 

Information: ** activity Tool Change.7 : INIT. ** 
Information: ** Machining and total time  : 0s , 0s . ** 
Information: ** activity Tool Change.7 : END . ** 

Information: ** activity Profile Contouring.6 : INIT. ** 
Information: ** Machining and total time  : 9mn 52s , 20mn 0s . ** 
Information: ** activity Profile Contouring.6 : END . ** 

Information: ** activity Profile Contouring.7 : INIT. ** 
Information: ** Machining and total time  : 11mn 49s , 21mn 54s . ** 
Information: ** activity Profile Contouring.7 : END . ** 

Information: ** activity Profile Contouring.9 : INIT. ** 
Information: ** Machining and total time  : 2mn 37s , 12mn 41s . ** 
Information: ** activity Profile Contouring.9 : END . ** 

Information: ** activity Profile Contouring.8 : INIT. ** 
Information: ** Machining and total time  : 2mn 6s , 12mn 10s . ** 
Information: ** activity Profile Contouring.8 : END . ** 

Information: ** activity Pocketing.13 : INIT. ** 
Information: ** Machining and total time  : 8s , 25mn 16s . ** 
Information: ** activity Pocketing.13 : END . ** 

Information: ** activity Pocketing.14 : INIT. ** 
Information: ** Machining and total time  : 18s , 25mn 27s . ** 
Information: ** activity Pocketing.14 : END . ** 

Information: ** activity Pocketing.12 : INIT. ** 
Information: ** Machining and total time  : 8s , 25mn 17s . ** 
Information: ** activity Pocketing.12 : END . ** 

Information: ** activity Pocketing.16 : INIT. ** 
Information: ** Machining and total time  : 18s , 25mn 27s . ** 
Information: ** activity Pocketing.16 : END . ** 

Information: ** activity Pocketing.20 : INIT. ** 
Information: ** Machining and total time  : 8s , 25mn 17s . ** 
Information: ** activity Pocketing.20 : END . ** 

Information: ** activity Pocketing.19 : INIT. ** 
Information: ** Machining and total time  : 18s , 25mn 27s . ** 
Information: ** activity Pocketing.19 : END . ** 

Information: ** activity Pocketing.11 : INIT. ** 
Information: ** Machining and total time  : 8s , 25mn 17s . ** 
Information: ** activity Pocketing.11 : END . ** 

Information: ** activity Pocketing.18 : INIT. ** 
Information: ** Machining and total time  : 18s , 25mn 27s . ** 
Information: ** activity Pocketing.18 : END . ** 

Information: ** activity Tool Change.8 : INIT. ** 
Information: ** Machining and total time  : 0s , 0s . ** 
Information: ** activity Tool Change.8 : END . ** 

Information: ** activity Profile Contouring.11 : INIT. ** 
Information: ** Machining and total time  : 4mn 57s , 14mn 59s . ** 
Information: ** activity Profile Contouring.11 : END . ** 

Information: ** activity Profile Contouring.12 : INIT. ** 
Information: ** Machining and total time  : 4mn 46s , 14mn 48s . ** 
Information: ** activity Profile Contouring.12 : END . ** 

Information: ** activity Profile Contouring.13 : INIT. ** 
Information: ** Machining and total time  : 59s , 11mn 1s . ** 
Information: ** activity Profile Contouring.13 : END . ** 

Information: ** activity Profile Contouring.14 : INIT. ** 
Information: ** Machining and total time  : 28s , 10mn 30s . ** 
Information: ** activity Profile Contouring.14 : END . ** 

Information: ** activity Profile Contouring.15 : INIT. ** 
Information: ** Machining and total time  : 47s , 10mn 49s . ** 
Information: ** activity Profile Contouring.15 : END . ** 

Information: ** activity Profile Contouring.16 : INIT. ** 
Information: ** Machining and total time  : 19s , 10mn 21s . ** 
Information: ** activity Profile Contouring.16 : END . ** 
Information: ** activity Manufacturing Program.1 : END . ** 
Generating NC code file : End.

---------------------------------------


---------------------------------------

End of Batch.

---------------------------------------

